[18-Dec-2018 11:11:47 Asia/Shanghai] PHP Fatal error:  Uncaught Error: Class 'app\server\Index' not found in D:\phpStudy\WWW\echo\controller\Index.class.php:30
Stack trace:
#0 D:\phpStudy\WWW\echo\index.php(70): app\Index->gril()
#1 {main}
  thrown in D:\phpStudy\WWW\echo\controller\Index.class.php on line 30
[18-Dec-2018 11:14:28 Asia/Shanghai] PHP Fatal error:  Uncaught Error: Class 'app\server\Indexs' not found in D:\phpStudy\WWW\echo\controller\Index.class.php:31
Stack trace:
#0 D:\phpStudy\WWW\echo\index.php(70): app\Index->gril()
#1 {main}
  thrown in D:\phpStudy\WWW\echo\controller\Index.class.php on line 31
[18-Dec-2018 11:15:25 Asia/Shanghai] PHP Fatal error:  Uncaught Error: Class 'app\server\Indexs' not found in D:\phpStudy\WWW\echo\controller\Index.class.php:33
Stack trace:
#0 D:\phpStudy\WWW\echo\index.php(70): app\Index->gril()
#1 {main}
  thrown in D:\phpStudy\WWW\echo\controller\Index.class.php on line 33
[18-Dec-2018 11:16:41 Asia/Shanghai] PHP Fatal error:  Uncaught Error: Class 'app\server\Indexs' not found in D:\phpStudy\WWW\echo\controller\Index.class.php:34
Stack trace:
#0 D:\phpStudy\WWW\echo\index.php(70): app\Index->gril()
#1 {main}
  thrown in D:\phpStudy\WWW\echo\controller\Index.class.php on line 34
[18-Dec-2018 11:24:50 Asia/Shanghai] PHP Fatal error:  Uncaught Error: Call to undefined function app\cntl_exec() in D:\phpStudy\WWW\echo\controller\Common.class.php:39
Stack trace:
#0 D:\phpStudy\WWW\echo\controller\Index.class.php(25): app\Common->__construct(Array, Array, false)
#1 D:\phpStudy\WWW\echo\index.php(56): app\Index->__construct()
#2 {main}
  thrown in D:\phpStudy\WWW\echo\controller\Common.class.php on line 39
[18-Dec-2018 11:25:26 Asia/Shanghai] PHP Fatal error:  Uncaught Error: Call to undefined function app\cntl_exec() in D:\phpStudy\WWW\echo\controller\Common.class.php:39
Stack trace:
#0 D:\phpStudy\WWW\echo\controller\Index.class.php(25): app\Common->__construct(Array, Array, false)
#1 D:\phpStudy\WWW\echo\index.php(56): app\Index->__construct()
#2 {main}
  thrown in D:\phpStudy\WWW\echo\controller\Common.class.php on line 39
